2026-03-20 20:32:23,361 [INFO] 🎯 Meta definida: 5 candidatura(s)
2026-03-20 20:32:23,362 [INFO] ============================================================

2026-03-20 20:32:23,362 [INFO] 🔌 Conectando ao Chrome...
2026-03-20 20:32:23,362 [INFO] ====== WebDriver manager ======
2026-03-20 20:32:24,563 [INFO] Get LATEST chromedriver version for google-chrome
2026-03-20 20:32:25,492 [INFO] Get LATEST chromedriver version for google-chrome
2026-03-20 20:32:26,382 [INFO] Driver [C:\Users\Desktop\.wdm\drivers\chromedriver\win64\146.0.7680.153\chromedriver-win32/chromedriver.exe] found in cache
2026-03-20 20:32:28,374 [INFO] ✅ Conectado ao Chrome!
2026-03-20 20:32:28,375 [INFO] 🤖 Bot catho inicializado
2026-03-20 20:32:28,375 [INFO] 
============================================================
2026-03-20 20:32:28,377 [INFO] 🚀 INICIANDO BOT: CATHO
2026-03-20 20:32:28,377 [INFO] ============================================================

2026-03-20 20:32:28,378 [INFO] 🔐 Verificando login no Catho...
2026-03-20 20:32:33,464 [INFO] ✅ Logado no Catho
2026-03-20 20:32:33,465 [INFO] ✅ Login confirmado no catho
2026-03-20 20:32:33,465 [INFO] 
🔍 [1/5] Buscando: 'Desenvolvedor Python Junior'
2026-03-20 20:32:33,465 [INFO] 🌐 Acessando: https://www.catho.com.br/vagas/?q=Desenvolvedor+Python+Junior&origem_apply=caixa-de-busca-home-logada&entrada_apply=direto
2026-03-20 20:32:44,189 [WARNING] ⚠️ Nenhum botão de Candidatura Fácil encontrado
2026-03-20 20:32:44,189 [INFO] 📋 0 vagas encontradas
2026-03-20 20:32:44,189 [INFO] 
🔍 [2/5] Buscando: 'Desenvolvedor React Junior'
2026-03-20 20:32:44,190 [INFO] 🌐 Acessando: https://www.catho.com.br/vagas/?q=Desenvolvedor+React+Junior&origem_apply=caixa-de-busca-home-logada&entrada_apply=direto
2026-03-20 20:32:53,891 [INFO] ✅ 4 botões de Candidatura Fácil encontrados
2026-03-20 20:32:54,271 [INFO] Catho: 4 vagas disponíveis para candidatura
2026-03-20 20:32:54,271 [INFO] 📋 4 vagas encontradas
2026-03-20 20:32:54,272 [INFO] 
📄 [1/4] Desenvolvedor Júnior
2026-03-20 20:32:54,272 [INFO]    🏢 Não informado
2026-03-20 20:32:54,281 [INFO]    🖱️  Clicando em Candidatura Fácil...
2026-03-20 20:33:01,364 [INFO]    💬 Modal de upsell detectado — fechando...
2026-03-20 20:33:05,391 [INFO]    🎉 Candidatura CONFIRMADA!
2026-03-20 20:33:05,392 [INFO]    ✅ CANDIDATURA ENVIADA!
2026-03-20 20:33:05,392 [INFO]    📊 Progresso: 1/5
2026-03-20 20:33:05,393 [INFO]    ⏳ Aguardando 6s...
2026-03-20 20:33:11,470 [INFO] 
📄 [2/4] Desenvolvedor Front End Júnior
2026-03-20 20:33:11,471 [INFO]    🏢 Não informado
2026-03-20 20:33:11,478 [INFO]    🖱️  Clicando em Candidatura Fácil...
2026-03-20 20:33:13,069 [WARNING] ⚠️ Click normal falhou: Message: element click intercepted: Element <button title="Candidatura fácil para vaga de Desenvolvedor Front End Júnior" class="Button__StyledButton-sc-1ovnfsw-1 jbkrxn sc-iGgWBj sc-eldPxv ffxCYX jfTXxr" type="button">...</button> is not clickable at point (166, 25). Other element would receive the click: <div class="SnackBar__SnackBarDialog-sc-myzzmd-0 cBeXSL sc-kpDqfm dduWVH" role="alertdialog" aria-describedby="snackbar-dialog-0" tabindex="0">...</div>
  (Session info: chrome=146.0.7680.153); For documentation on this error, please visit: https://www.selenium.dev/documentation/webdriver/troubleshooting/errors#elementclickinterceptedexception
Stacktrace:
	chromedriver!GetHandleVerifier [0xaa7c13+10dd3]
	chromedriver!GetHandleVerifier [0xaa7d44+10f04]
	chromedriver!(No symbol) [0x881f50]
	chromedriver!(No symbol) [0x8d10a8]
	chromedriver!(No symbol) [0x8cf2b9]
	chromedriver!(No symbol) [0x8ccc72]
	chromedriver!(No symbol) [0x8cbe74]
	chromedriver!(No symbol) [0x8c1aa8]
	chromedriver!(No symbol) [0x8ed90c]
	chromedriver!(No symbol) [0x8c14e4]
	chromedriver!(No symbol) [0x8edad4]
	chromedriver!(No symbol) [0x90a7de]
	chromedriver!(No symbol) [0x8ed6a6]
	chromedriver!(No symbol) [0x8c0029]
	chromedriver!(No symbol) [0x8c0de4]
	chromedriver!GetHandleVerifier [0xd04509+26d6c9]
	chromedriver!GetHandleVerifier [0xcffb43+268d03]
	chromedriver!GetHandleVerifier [0xd1d85b+286a1b]
	chromedriver!GetHandleVerifier [0xac1668+2a828]
	chromedriver!GetHandleVerifier [0xac97fd+329bd]
	chromedriver!GetHandleVerifier [0xab0588+19748]
	chromedriver!GetHandleVerifier [0xab0752+19912]
	chromedriver!GetHandleVerifier [0xa999da+2b9a]
	KERNEL32!BaseThreadInitThunk [0x7723fcc9+19]
	ntdll!RtlGetAppContainerNamedObjectPath [0x77b982ae+11e]
	ntdll!RtlGetAppContainerNamedObjectPath [0x77b9827e+ee]
 — tentando JS
2026-03-20 20:33:18,671 [INFO]    💬 Modal de upsell detectado — fechando...
2026-03-20 20:33:20,230 [INFO]    🎉 Candidatura CONFIRMADA!
2026-03-20 20:33:20,231 [INFO]    ✅ CANDIDATURA ENVIADA!
2026-03-20 20:33:20,231 [INFO]    📊 Progresso: 2/5
2026-03-20 20:33:20,232 [INFO]    ⏳ Aguardando 6s...
2026-03-20 20:33:28,087 [INFO] 
📄 [3/4] Programador PHP Júnior II
2026-03-20 20:33:28,088 [INFO]    🏢 Não informado
2026-03-20 20:33:28,094 [INFO]    🖱️  Clicando em Candidatura Fácil...
2026-03-20 20:33:29,693 [WARNING] ⚠️ Click normal falhou: Message: element click intercepted: Element <button title="Candidatura fácil para vaga de Programador PHP Júnior II" class="Button__StyledButton-sc-1ovnfsw-1 jbkrxn sc-iGgWBj sc-eldPxv ffxCYX jfTXxr" type="button">...</button> is not clickable at point (166, 25). Other element would receive the click: <div class="SnackBar__SnackBarDialog-sc-myzzmd-0 cBeXSL sc-kpDqfm dduWVH" role="alertdialog" aria-describedby="snackbar-dialog-1" tabindex="0">...</div>
  (Session info: chrome=146.0.7680.153); For documentation on this error, please visit: https://www.selenium.dev/documentation/webdriver/troubleshooting/errors#elementclickinterceptedexception
Stacktrace:
	chromedriver!GetHandleVerifier [0xaa7c13+10dd3]
	chromedriver!GetHandleVerifier [0xaa7d44+10f04]
	chromedriver!(No symbol) [0x881f50]
	chromedriver!(No symbol) [0x8d10a8]
	chromedriver!(No symbol) [0x8cf2b9]
	chromedriver!(No symbol) [0x8ccc72]
	chromedriver!(No symbol) [0x8cbe74]
	chromedriver!(No symbol) [0x8c1aa8]
	chromedriver!(No symbol) [0x8ed90c]
	chromedriver!(No symbol) [0x8c14e4]
	chromedriver!(No symbol) [0x8edad4]
	chromedriver!(No symbol) [0x90a7de]
	chromedriver!(No symbol) [0x8ed6a6]
	chromedriver!(No symbol) [0x8c0029]
	chromedriver!(No symbol) [0x8c0de4]
	chromedriver!GetHandleVerifier [0xd04509+26d6c9]
	chromedriver!GetHandleVerifier [0xcffb43+268d03]
	chromedriver!GetHandleVerifier [0xd1d85b+286a1b]
	chromedriver!GetHandleVerifier [0xac1668+2a828]
	chromedriver!GetHandleVerifier [0xac97fd+329bd]
	chromedriver!GetHandleVerifier [0xab0588+19748]
	chromedriver!GetHandleVerifier [0xab0752+19912]
	chromedriver!GetHandleVerifier [0xa999da+2b9a]
	KERNEL32!BaseThreadInitThunk [0x7723fcc9+19]
	ntdll!RtlGetAppContainerNamedObjectPath [0x77b982ae+11e]
	ntdll!RtlGetAppContainerNamedObjectPath [0x77b9827e+ee]
 — tentando JS
2026-03-20 20:33:35,318 [INFO]    💬 Modal de upsell detectado — fechando...
2026-03-20 20:33:36,875 [INFO]    🎉 Candidatura CONFIRMADA!
2026-03-20 20:33:36,876 [INFO]    ✅ CANDIDATURA ENVIADA!
2026-03-20 20:33:36,876 [INFO]    📊 Progresso: 3/5
2026-03-20 20:33:36,877 [INFO]    ⏳ Aguardando 6s...
2026-03-20 20:33:43,701 [INFO] 
📄 [4/4] Desenvolvedor Júnior
2026-03-20 20:33:43,701 [INFO]    🏢 Não informado
2026-03-20 20:33:43,702 [INFO]    ⏭️  Já candidatou antes
2026-03-20 20:33:43,702 [INFO] 
🔍 [3/5] Buscando: 'Desenvolvedor JavaScript Junior'
2026-03-20 20:33:43,702 [INFO] 🌐 Acessando: https://www.catho.com.br/vagas/?q=Desenvolvedor+JavaScript+Junior&origem_apply=caixa-de-busca-home-logada&entrada_apply=direto
2026-03-20 20:33:53,845 [WARNING] ⚠️ Nenhum botão de Candidatura Fácil encontrado
2026-03-20 20:33:53,845 [INFO] 📋 0 vagas encontradas
2026-03-20 20:33:53,845 [INFO] 
🔍 [4/5] Buscando: 'Desenvolvedor Frontend Junior'
2026-03-20 20:33:53,846 [INFO] 🌐 Acessando: https://www.catho.com.br/vagas/?q=Desenvolvedor+Frontend+Junior&origem_apply=caixa-de-busca-home-logada&entrada_apply=direto
2026-03-20 20:34:05,396 [WARNING] ⚠️ Nenhum botão de Candidatura Fácil encontrado
2026-03-20 20:34:05,396 [INFO] 📋 0 vagas encontradas
2026-03-20 20:34:05,396 [INFO] 
🔍 [5/5] Buscando: 'Desenvolvedor Fullstack Junior'
2026-03-20 20:34:05,397 [INFO] 🌐 Acessando: https://www.catho.com.br/vagas/?q=Desenvolvedor+Fullstack+Junior&origem_apply=caixa-de-busca-home-logada&entrada_apply=direto
2026-03-20 20:34:15,279 [WARNING] ⚠️ Nenhum botão de Candidatura Fácil encontrado
2026-03-20 20:34:15,280 [INFO] 📋 0 vagas encontradas
2026-03-20 20:34:15,280 [INFO] 
============================================================
2026-03-20 20:34:15,280 [INFO] ✅ BOT CATHO FINALIZADO
2026-03-20 20:34:15,280 [INFO] 📊 Total de candidaturas: 3
2026-03-20 20:34:15,281 [INFO] ============================================================

2026-03-20 20:34:15,281 [INFO] 
============================================================
2026-03-20 20:34:15,281 [INFO] 🎉 BOT FINALIZADO!
2026-03-20 20:34:15,281 [INFO] ✅ Candidaturas enviadas: 3 de 5 solicitadas
2026-03-20 20:34:15,282 [INFO] 📁 Histórico: c:\safadeza\candidaturas.json
2026-03-20 20:34:15,282 [INFO] 📁 Logs: c:\safadeza\bot.log
2026-03-20 20:34:15,282 [INFO] ============================================================

2026-03-20 20:34:15,282 [INFO] 👋 Encerrando...
